Server is listening on port 3500
Server is listening on port 3500
Server is listening on port 3500
Server is listening on port 3500
Server is listening on port 3500
Server is listening on port 3500
Server is listening on port 3500
Server is listening on port 3500
Server is listening on port 3500
Server is listening on port 3500
Server is listening on port 3500
Server is listening on port 3500
Server is listening on port 3500
Server is listening on port 3500
Server is listening on port 3500
Server is listening on port 3500
Server is listening on port 3500
Server is listening on port 3500
Server is listening on port 3500
Server is listening on port 3500
Server is listening on port 3500
Server is listening on port 3500
Server is listening on port 3500
Server is listening on port 3500
Server is listening on port 3500
Server is listening on port 3500
Server is listening on port 3500
Server is listening on port 3500
Server is listening on port 3500
Server is listening on port 3500
Server is listening on port 3500
Server is listening on port 3500
Server is listening on port 3500
Server is listening on port 3500
Server is listening on port 3500
Server is listening on port 3500
Server is listening on port 3500
Server is listening on port 3500
Server is listening on port 3500
Server is listening on port 3500
Server is listening on port 3500
Server is listening on port 3500
Server is listening on port 3500
Server is listening on port 3500
Server is listening on port 3500
Server is listening on port 3500
Server is listening on port 3500
Server is listening on port 3500
Server is listening on port 3500
Server is listening on port 3500
Server is listening on port 3500
{
  token: '2sGMxTwKeClnILXa3aK2',
  environment: 'uat',
  image: 'atomportal',
  tag: 'develop'
}
atomportal
deployment.apps/uat-develop-portal-api restarted
develop
2sGMxTwKeClnILXa3aK2
Server is listening on port 3500
{
  token: '2sGMxTwKeClnILXa3aK2',
  environment: 'uat',
  image: 'atomportal',
  tag: 'develop'
}
atomportal
deployment.apps/uat-develop-portal-api restarted
develop
2sGMxTwKeClnILXa3aK2
{
  token: '2sGMxTwKeClnILXa3aK2',
  environment: 'uat',
  image: 'atomportal',
  tag: ''
}
atomportal

2sGMxTwKeClnILXa3aK2
{
  token: '2sGMxTwKeClnILXa3aK2',
  environment: 'uat',
  image: 'atomportal',
  tag: ''
}
atomportal

2sGMxTwKeClnILXa3aK2
Server is listening on port 3500
{
  token: '2sGMxTwKeClnILXa3aK2',
  environment: 'uat',
  image: 'atomportal',
  tag: ''
}
atomportal

2sGMxTwKeClnILXa3aK2
{
  token: '2sGMxTwKeClnILXa3aK2',
  environment: 'uat',
  image: 'atomportal',
  tag: 'tag'
}
atomportal
tag
2sGMxTwKeClnILXa3aK2
{
  token: '2sGMxTwKeClnILXa3aK2',
  environment: 'uat',
  image: 'atomportal',
  tag: 'develop'
}
atomportal
deployment.apps/uat-develop-portal-api restarted
develop
2sGMxTwKeClnILXa3aK2
Server is listening on port 3500
{
  token: '2sGMxTwKeClnILXa3aK2',
  environment: '',
  image: 'atomportal',
  tag: 'develop'
}
atomportal
deployment.apps/uat-develop-portal-api restarted
develop
2sGMxTwKeClnILXa3aK2
{
  token: '2sGMxTwKeClnILXa3aK2',
  environment: 'uat',
  image: 'atomportal',
  tag: 'develop'
}
atomportal
deployment.apps/uat-develop-portal-api restarted
develop
2sGMxTwKeClnILXa3aK2
Server is listening on port 3500
{
  token: '2sGMxTwKeClnILXa3aK2',
  environment: '',
  image: 'atomportal',
  tag: 'develop'
}
atomportal
develop
2sGMxTwKeClnILXa3aK2
{
  token: '2sGMxTwKeClnILXa3aK2',
  environment: 'uat',
  image: 'atomportal',
  tag: 'develop'
}
atomportal
deployment.apps/uat-develop-portal-api restarted
develop
2sGMxTwKeClnILXa3aK2
{
  token: '2sGMxTwKeClnILXa3aK2',
  environment: 'uat',
  image: '',
  tag: 'develop'
}

develop
2sGMxTwKeClnILXa3aK2
{
  token: '2sGMxTwKeClnILXa3aK2',
  environment: 'uat',
  image: 'atomportal',
  tag: ''
}
atomportal

2sGMxTwKeClnILXa3aK2
{
  token: '2sGMxTwKeClnILXa3aK2',
  environment: 'uat',
  image: 'atomportal',
  tag: 'develop'
}
atomportal
deployment.apps/uat-develop-portal-api restarted
develop
2sGMxTwKeClnILXa3aK2
Server is listening on port 3500
Server is listening on port 3500
{
  token: '2sGMxTwKeClnILXa3aK2',
  environment: 'uat',
  image: 'atomportal',
  tag: 'develop'
}
atomportal
deployment.apps/uat-develop-portal-api restarted
develop
2sGMxTwKeClnILXa3aK2
{
  token: '2sGMxTwKeClnILXa3aK2',
  environment: 'uat',
  image: 'atomportal'
}
atomportal
{
  token: '2sGMxTwKeClnILXa3aK2',
  environment: 'uat',
  image: 'atomportal',
  tag: 'develop'
}
atomportal
deployment.apps/uat-develop-portal-api restarted
develop
2sGMxTwKeClnILXa3aK2
Server is listening on port 3500
Server is listening on port 3500
Server is listening on port 3500
Server is listening on port 3500
{
  token: '2sGMxTwKeClnILXa3aK2',
  environment: 'uat',
  image: 'atomportal',
  tag: 'develop'
}
atomportal
deployment.apps/uat-develop-portal-api restarted
develop
2sGMxTwKeClnILXa3aK2
Server is listening on port 3500
Server is listening on port 3500
{
  token: '2sGMxTwKeClnILXa3aK2',
  environment: 'uat',
  image: 'atomportal',
  tag: 'develop'
}
atomportal
deployment.apps/uat-develop-portal-api restarted
develop
2sGMxTwKeClnILXa3aK2
Server is listening on port 3500
{
  token: '2sGMxTwKeClnILXa3aK2',
  environment: 'uat',
  image: 'atomportal',
  tag: 'develop'
}
atomportal
deployment.apps/uat-develop-portal-api restarted
develop
2sGMxTwKeClnILXa3aK2
{
  token: '2sGMxTwKeClnILXa3aK2',
  environment: 'uat',
  image: 'atomportal',
  tag: 'develop'
}
atomportal
deployment.apps/uat-develop-portal-api restarted
develop
2sGMxTwKeClnILXa3aK2
{
  token: '2sGMxTwKeClnILXa3aK2',
  environment: 'uat',
  image: 'atomportal',
  tag: 'develop'
}
atomportal
deployment.apps/uat-develop-portal-api restarted
develop
2sGMxTwKeClnILXa3aK2
{
  token: '2sGMxTwKeClnILXa3aK2',
  environment: 'uat',
  image: 'atomportal',
  tag: 'develop'
}
atomportal
deployment.apps/uat-develop-portal-api restarted
develop
2sGMxTwKeClnILXa3aK2
{
  token: '2sGMxTwKeClnILXa3aK2',
  environment: 'uat',
  image: 'atomportal',
  tag: 'develop'
}
atomportal
deployment.apps/uat-develop-portal-api restarted
develop
2sGMxTwKeClnILXa3aK2
Server is listening on port 3500
Server is listening on port 3500
deployment.apps/uat-develop-portal-api restarted
Wed Nov 23 06:04:46 AM AWST 2022
Wed Nov 23 06:04:46 AM AWST 2022
uat:atomportal:develop
deployment.apps/uat-develop-portal-api restarted
Wed Nov 23 06:08:51 AM AWST 2022
Wed Nov 23 06:08:51 AM AWST 2022
uat:atomportal:develop
Server is listening on port 3500
deployment.apps/uat-develop-portal-frontend restarted
Server is listening on port 3500
Server is listening on port 3500
Server is listening on port 3500
Server is listening on port 3500
Server is listening on port 3500
Server is listening on port 3500
Server is listening on port 3500
deployment.apps/uat-develop-portal-api restarted
Fri Nov 25 06:47:03 AM AWST 2022
Fri Nov 25 06:47:03 AM AWST 2022
uat:atomportal:develop
deployment.apps/uat-develop-portal-api restarted
Fri Nov 25 06:47:23 AM AWST 2022
Fri Nov 25 06:47:23 AM AWST 2022
uat:atomportal:develop
